<?xml version="1.0" encoding="UTF-8"?>
<testng-results skipped="0" failed="0" ignored="0" total="1" passed="1">
  <reporter-output>
  </reporter-output>
  <suite name="Default suite" duration-ms="15064" started-at="2021-03-25T12:12:38 EDT" finished-at="2021-03-25T12:12:53 EDT">
    <groups>
    </groups>
    <test name="Default test" duration-ms="15064" started-at="2021-03-25T12:12:38 EDT" finished-at="2021-03-25T12:12:53 EDT">
      <class name="test.AddCustomerTest">
        <test-method status="PASS" signature="usershouldbeabletocreatecustomer()[pri:0, instance:test.AddCustomerTest@3b084709]" name="usershouldbeabletocreatecustomer" duration-ms="15012" started-at="2021-03-25T12:12:38 EDT" finished-at="2021-03-25T12:12:53 EDT">
          <reporter-output>
          </reporter-output>
        </test-method> <!-- usershouldbeabletocreatecustomer -->
      </class> <!-- test.AddCustomerTest -->
    </test> <!-- Default test -->
  </suite> <!-- Default suite -->
</testng-results>
